{"level":"info","message":"Server running on port 3000","timestamp":"2025-04-01T17:13:44.901Z"}
{"level":"info","message":"Server running on port 3000","timestamp":"2025-04-01T17:15:30.684Z"}
{"level":"info","message":"User created: 54b692fb-edbb-48a3-acbc-7dc4dc1b4199","timestamp":"2025-04-01T17:15:49.520Z"}
{"level":"error","message":"Error creating user: \nInvalid `prisma.user.create()` invocation in\n/Users/tanishkhot/Coding/Hack-O-hire/FNP-Hack-o-hire/src/index.js:59:36\n\n  56  */\n  57 app.post('/api/users', async (req, res) => {\n  58   try {\n→ 59     const user = await prisma.user.create(\nUnique constraint failed on the fields: (`email`)","timestamp":"2025-04-01T17:15:53.542Z"}
{"level":"error","message":"Error creating user: \nInvalid `prisma.user.create()` invocation in\n/Users/tanishkhot/Coding/Hack-O-hire/FNP-Hack-o-hire/src/index.js:59:36\n\n  56  */\n  57 app.post('/api/users', async (req, res) => {\n  58   try {\n→ 59     const user = await prisma.user.create(\nUnique constraint failed on the fields: (`email`)","timestamp":"2025-04-01T17:15:54.802Z"}
{"level":"info","message":"Server running on port 3000","timestamp":"2025-04-01T17:26:26.742Z"}
{"level":"info","message":"User created: ddb73a24-868a-48a2-bf6a-643092d06a64","timestamp":"2025-04-01T17:26:52.783Z"}
{"level":"error","message":"Error creating user: \nInvalid `prisma.user.create()` invocation in\n/Users/tanishkhot/Coding/Hack-O-hire/FNP-Hack-o-hire/src/index.js:116:36\n\n  113  */\n  114 app.post('/api/users', async (req, res) => {\n  115   try {\n→ 116     const user = await prisma.user.create({\n            data: {\n              email: \"john.doe@example.com\",\n              password: \"securePassword123\",\n          +   name: String\n            }\n          })\n\nArgument `name` is missing.","timestamp":"2025-04-01T17:27:22.989Z"}
{"level":"info","message":"Server running on port 3000","timestamp":"2025-04-02T06:40:26.374Z"}
{"level":"info","message":"Server running on port 3000","timestamp":"2025-04-02T06:40:28.072Z"}
{"level":"info","message":"Server running on port 3000","timestamp":"2025-04-02T06:42:31.611Z"}
{"level":"info","message":"Server running on port 3000","timestamp":"2025-04-02T06:44:01.812Z"}
{"level":"info","message":"Server running on port 3000","timestamp":"2025-04-02T06:46:09.471Z"}
{"level":"info","message":"Server running on port 3000","timestamp":"2025-04-02T06:46:30.918Z"}
{"level":"info","message":"Server running on port 3000","timestamp":"2025-04-02T06:46:39.771Z"}
{"level":"info","message":"Server running on port 3000","timestamp":"2025-04-02T10:08:03.076Z"}
{"level":"error","message":"Error creating user: \nInvalid `prisma.user.create()` invocation in\nC:\\FNP-Hack-o-hire\\src\\index.js:120:36\n\n  117  */\n  118 app.post('/api/users', async (req, res) => {\n  119   try {\n→ 120     const user = await prisma.user.create(\nCan't reach database server at `ep-winter-wildflower-a522bxk8-pooler.us-east-2.aws.neon.tech:5432`\n\nPlease make sure your database server is running at `ep-winter-wildflower-a522bxk8-pooler.us-east-2.aws.neon.tech:5432`.","timestamp":"2025-04-02T10:09:49.589Z"}
{"level":"info","message":"Server running on port 3000","timestamp":"2025-04-02T10:12:37.071Z"}
{"level":"info","message":"Server running on port 3000","timestamp":"2025-04-02T10:15:02.772Z"}
{"level":"info","message":"Server running on port 3000","timestamp":"2025-04-02T10:15:03.371Z"}
{"level":"info","message":"Server running on port 3000","timestamp":"2025-04-02T10:15:04.039Z"}
{"level":"info","message":"Server running on port 3000","timestamp":"2025-04-02T10:15:09.792Z"}
{"level":"info","message":"Server running on port 3000","timestamp":"2025-04-02T10:15:16.941Z"}
{"level":"info","message":"Server running on port 3000","timestamp":"2025-04-02T10:15:19.213Z"}
{"level":"info","message":"Server running on port 3000","timestamp":"2025-04-02T10:17:48.289Z"}
{"level":"info","message":"Server running on port 3000","timestamp":"2025-04-02T10:17:51.498Z"}
{"level":"info","message":"Server running on port 3000","timestamp":"2025-04-02T10:17:54.181Z"}
{"level":"info","message":"Server running on port 3000","timestamp":"2025-04-02T10:17:55.564Z"}
{"level":"info","message":"Server running on port 3000","timestamp":"2025-04-02T10:17:58.143Z"}
{"level":"info","message":"Server running on port 3000","timestamp":"2025-04-02T10:18:04.165Z"}
{"level":"info","message":"Server running on port 3000","timestamp":"2025-04-02T10:22:25.233Z"}
{"level":"info","message":"Server running on port 3000","timestamp":"2025-04-02T10:22:26.220Z"}
{"level":"info","message":"Server running on port 3000","timestamp":"2025-04-02T10:22:32.281Z"}
{"level":"info","message":"Server running on port 3000","timestamp":"2025-04-02T10:22:35.085Z"}
{"level":"info","message":"Server running on port 3000","timestamp":"2025-04-02T10:22:37.233Z"}
{"level":"info","message":"Server running on port 3000","timestamp":"2025-04-02T10:22:38.423Z"}
{"level":"info","message":"Server running on port 3000","timestamp":"2025-04-02T10:22:41.057Z"}
{"level":"info","message":"Server running on port 3000","timestamp":"2025-04-02T10:52:53.001Z"}
{"level":"info","message":"Server running on port 3000","timestamp":"2025-04-02T10:54:23.400Z"}
{"level":"info","message":"Server running on port 3000","timestamp":"2025-04-02T10:57:37.628Z"}
{"level":"info","message":"Server running on port 3000","timestamp":"2025-04-02T10:58:11.477Z"}
